1681148706509	geckodriver	INFO	Listening on 127.0.0.1:57515
1681148709527	mozrunner::runner	INFO	Running command: "C:\\Program Files\\Mozilla Firefox\\firefox.exe" "--marionette" "--remote-debugging-port" "57516" "--remote-allow-hosts" "localhost" "-no-remote" "-profile" "C:\\Users\\Tnluser\\AppData\\Local\\Temp\\rust_mozprofileSGCuIz"
1681148709916	Marionette	INFO	Marionette enabled
1681148709920	Marionette	INFO	Listening on port 57020
Read port: 57020
WebDriver BiDi listening on ws://127.0.0.1:57516
1681148710036	RemoteAgent	WARN	TLS certificate errors will be ignored for this session
console.warn: SearchSettings: "get: No settings file exists, new profile?" (new NotFoundError("Could not open the file at C:\\Users\\Tnluser\\AppData\\Local\\Temp\\rust_mozprofileSGCuIz\\search.json.mozlz4", (void 0)))
DevTools listening on ws://127.0.0.1:57516/devtools/browser/0c36a735-3107-42a6-80aa-713bc37243cd
JavaScript warning: https://static.licdn.com/sc/h/uoprw4zztbjn9z6xwl2a2ng1, line 1: WEBGL_debug_renderer_info is deprecated in Firefox and will be removed. Please use RENDERER.
JavaScript warning: https://static.licdn.com/sc/h/uoprw4zztbjn9z6xwl2a2ng1, line 1: WEBGL_debug_renderer_info is deprecated in Firefox and will be removed. Please use RENDERER.
console.warn: LoginRecipes: "Falling back to a synchronous message for: https://www.linkedin.com."
console.warn: LoginRecipes: "Falling back to a synchronous message for: https://www.linkedin.com."
JavaScript warning: https://static.licdn.com/sc/h/rvs9od16yl8hga5022exl4le, line 19474: unreachable code after return statement
JavaScript warning: https://static.licdn.com/sc/h/d0pvjkrfutml89l676zaz3qs, line 2524: unreachable code after return statement
JavaScript warning: https://static.licdn.com/sc/h/rvs9od16yl8hga5022exl4le, line 19474: unreachable code after return statement
1681148721579	Marionette	WARN	Ignoring event 'DOMContentLoaded' because document has an invalid readyState of 'complete'.
JavaScript warning: https://static.licdn.com/sc/h/4kmge4osew3r95ot76jsc9wzp, line 19483: unreachable code after return statement
JavaScript warning: https://static.licdn.com/sc/h/4fmwecrii9hzky17qt9zpop3j, line 2524: unreachable code after return statement
JavaScript warning: https://static.licdn.com/sc/h/4kmge4osew3r95ot76jsc9wzp, line 19483: unreachable code after return statement
1681148761472	geckodriver	INFO	Listening on 127.0.0.1:57165
1681148764540	mozrunner::runner	INFO	Running command: "C:\\Program Files\\Mozilla Firefox\\firefox.exe" "--marionette" "--remote-debugging-port" "57166" "--remote-allow-hosts" "localhost" "-no-remote" "-profile" "C:\\Users\\Tnluser\\AppData\\Local\\Temp\\rust_mozprofileGi2xQb"
1681148764791	Marionette	INFO	Marionette enabled
1681148764794	Marionette	INFO	Listening on port 57175
WebDriver BiDi listening on ws://127.0.0.1:57166
Read port: 57175
1681148764977	RemoteAgent	WARN	TLS certificate errors will be ignored for this session
console.warn: SearchSettings: "get: No settings file exists, new profile?" (new NotFoundError("Could not open the file at C:\\Users\\Tnluser\\AppData\\Local\\Temp\\rust_mozprofileGi2xQb\\search.json.mozlz4", (void 0)))
DevTools listening on ws://127.0.0.1:57166/devtools/browser/e6821894-787e-4e08-8ece-10a09b6ffbab
JavaScript warning: https://static.licdn.com/sc/h/uoprw4zztbjn9z6xwl2a2ng1, line 1: WEBGL_debug_renderer_info is deprecated in Firefox and will be removed. Please use RENDERER.
JavaScript warning: https://static.licdn.com/sc/h/uoprw4zztbjn9z6xwl2a2ng1, line 1: WEBGL_debug_renderer_info is deprecated in Firefox and will be removed. Please use RENDERER.
console.warn: LoginRecipes: "Falling back to a synchronous message for: https://www.linkedin.com."
console.warn: LoginRecipes: "Falling back to a synchronous message for: https://www.linkedin.com."
1681148772671	Marionette	WARN	TimedPromise timed out after 500 ms: stacktrace:
TimedPromise/<@chrome://remote/content/marionette/sync.sys.mjs:219:24
TimedPromise@chrome://remote/content/marionette/sync.sys.mjs:204:10
interaction.flushEventLoop@chrome://remote/content/marionette/interaction.sys.mjs:425:10
webdriverClickElement@chrome://remote/content/marionette/interaction.sys.mjs:173:31
JavaScript warning: https://static.licdn.com/sc/h/4kmge4osew3r95ot76jsc9wzp, line 19483: unreachable code after return statement
JavaScript warning: https://static.licdn.com/sc/h/4fmwecrii9hzky17qt9zpop3j, line 2524: unreachable code after return statement
JavaScript warning: https://static.licdn.com/sc/h/4kmge4osew3r95ot76jsc9wzp, line 19483: unreachable code after return statement
1681149591842	geckodriver	INFO	Listening on 127.0.0.1:57440
1681149594877	mozrunner::runner	INFO	Running command: "C:\\Program Files\\Mozilla Firefox\\firefox.exe" "--marionette" "--remote-debugging-port" "57441" "--remote-allow-hosts" "localhost" "-no-remote" "-profile" "C:\\Users\\Tnluser\\AppData\\Local\\Temp\\rust_mozprofilerAP9zg"
1681149595152	Marionette	INFO	Marionette enabled
1681149595156	Marionette	INFO	Listening on port 57450
Read port: 57450
WebDriver BiDi listening on ws://127.0.0.1:57441
1681149595262	RemoteAgent	WARN	TLS certificate errors will be ignored for this session
console.warn: SearchSettings: "get: No settings file exists, new profile?" (new NotFoundError("Could not open the file at C:\\Users\\Tnluser\\AppData\\Local\\Temp\\rust_mozprofilerAP9zg\\search.json.mozlz4", (void 0)))
DevTools listening on ws://127.0.0.1:57441/devtools/browser/9162a826-3f20-423f-a026-32bce26b45dd
JavaScript warning: https://static.licdn.com/sc/h/uoprw4zztbjn9z6xwl2a2ng1, line 1: WEBGL_debug_renderer_info is deprecated in Firefox and will be removed. Please use RENDERER.
JavaScript warning: https://static.licdn.com/sc/h/uoprw4zztbjn9z6xwl2a2ng1, line 1: WEBGL_debug_renderer_info is deprecated in Firefox and will be removed. Please use RENDERER.
console.warn: LoginRecipes: "Falling back to a synchronous message for: https://www.linkedin.com."
console.warn: LoginRecipes: "Falling back to a synchronous message for: https://www.linkedin.com."
JavaScript warning: https://static.licdn.com/sc/h/4kmge4osew3r95ot76jsc9wzp, line 19483: unreachable code after return statement
JavaScript warning: https://static.licdn.com/sc/h/4fmwecrii9hzky17qt9zpop3j, line 2524: unreachable code after return statement
JavaScript warning: https://static.licdn.com/sc/h/4kmge4osew3r95ot76jsc9wzp, line 19483: unreachable code after return statement
1681149606460	Marionette	WARN	Ignoring event 'DOMContentLoaded' because document has an invalid readyState of 'complete'.
JavaScript warning: https://static.licdn.com/sc/h/4kmge4osew3r95ot76jsc9wzp, line 19483: unreachable code after return statement
JavaScript warning: https://static.licdn.com/sc/h/4fmwecrii9hzky17qt9zpop3j, line 2524: unreachable code after return statement
JavaScript warning: https://static.licdn.com/sc/h/4kmge4osew3r95ot76jsc9wzp, line 19483: unreachable code after return statement
JavaScript error: , line 0: uncaught exception: Object
JavaScript error: , line 0: uncaught exception: Object
1681149646111	Marionette	INFO	Stopped listening on port 57450
1681149652159	geckodriver	INFO	Listening on 127.0.0.1:57558
1681149655188	mozrunner::runner	INFO	Running command: "C:\\Program Files\\Mozilla Firefox\\firefox.exe" "--marionette" "--remote-debugging-port" "57559" "--remote-allow-hosts" "localhost" "-no-remote" "-profile" "C:\\Users\\Tnluser\\AppData\\Local\\Temp\\rust_mozprofileqvcKLR"
1681149655437	Marionette	INFO	Marionette enabled
1681149655441	Marionette	INFO	Listening on port 57568
WebDriver BiDi listening on ws://127.0.0.1:57559
Read port: 57568
1681149655654	RemoteAgent	WARN	TLS certificate errors will be ignored for this session
JavaScript error: resource://gre/modules/URIFixup.sys.mjs, line 302: NS_ERROR_FAILURE: Should pass a non-null uri
console.warn: SearchSettings: "get: No settings file exists, new profile?" (new NotFoundError("Could not open the file at C:\\Users\\Tnluser\\AppData\\Local\\Temp\\rust_mozprofileqvcKLR\\search.json.mozlz4", (void 0)))
DevTools listening on ws://127.0.0.1:57559/devtools/browser/03c0a096-d9f0-424c-b018-567936b92a16
JavaScript warning: https://static.licdn.com/sc/h/uoprw4zztbjn9z6xwl2a2ng1, line 1: WEBGL_debug_renderer_info is deprecated in Firefox and will be removed. Please use RENDERER.
JavaScript warning: https://static.licdn.com/sc/h/uoprw4zztbjn9z6xwl2a2ng1, line 1: WEBGL_debug_renderer_info is deprecated in Firefox and will be removed. Please use RENDERER.
1681149722179	geckodriver	INFO	Listening on 127.0.0.1:57618
1681149725221	mozrunner::runner	INFO	Running command: "C:\\Program Files\\Mozilla Firefox\\firefox.exe" "--marionette" "--remote-debugging-port" "57619" "--remote-allow-hosts" "localhost" "-no-remote" "-profile" "C:\\Users\\Tnluser\\AppData\\Local\\Temp\\rust_mozprofileKZ4dqf"
1681149725465	Marionette	INFO	Marionette enabled
1681149725469	Marionette	INFO	Listening on port 57628
WebDriver BiDi listening on ws://127.0.0.1:57619
Read port: 57628
1681149725685	RemoteAgent	WARN	TLS certificate errors will be ignored for this session
console.warn: SearchSettings: "get: No settings file exists, new profile?" (new NotFoundError("Could not open the file at C:\\Users\\Tnluser\\AppData\\Local\\Temp\\rust_mozprofileKZ4dqf\\search.json.mozlz4", (void 0)))
DevTools listening on ws://127.0.0.1:57619/devtools/browser/a2932c37-5fbe-468f-83c5-43651cb14ad6
JavaScript warning: https://static.licdn.com/sc/h/uoprw4zztbjn9z6xwl2a2ng1, line 1: WEBGL_debug_renderer_info is deprecated in Firefox and will be removed. Please use RENDERER.
JavaScript warning: https://static.licdn.com/sc/h/uoprw4zztbjn9z6xwl2a2ng1, line 1: WEBGL_debug_renderer_info is deprecated in Firefox and will be removed. Please use RENDERER.
console.warn: LoginRecipes: "Falling back to a synchronous message for: https://www.linkedin.com."
console.warn: LoginRecipes: "Falling back to a synchronous message for: https://www.linkedin.com."
JavaScript warning: https://static.licdn.com/sc/h/4kmge4osew3r95ot76jsc9wzp, line 19483: unreachable code after return statement
JavaScript warning: https://static.licdn.com/sc/h/4fmwecrii9hzky17qt9zpop3j, line 2524: unreachable code after return statement
JavaScript warning: https://static.licdn.com/sc/h/4kmge4osew3r95ot76jsc9wzp, line 19483: unreachable code after return statement
1681149736588	Marionette	WARN	Ignoring event 'DOMContentLoaded' because document has an invalid readyState of 'complete'.
JavaScript warning: https://static.licdn.com/sc/h/4kmge4osew3r95ot76jsc9wzp, line 19483: unreachable code after return statement
JavaScript warning: https://static.licdn.com/sc/h/4fmwecrii9hzky17qt9zpop3j, line 2524: unreachable code after return statement
JavaScript warning: https://static.licdn.com/sc/h/4kmge4osew3r95ot76jsc9wzp, line 19483: unreachable code after return statement
JavaScript error: , line 0: uncaught exception: Object
JavaScript error: , line 0: uncaught exception: Object
1681149778111	geckodriver	INFO	Listening on 127.0.0.1:57726
1681149781160	mozrunner::runner	INFO	Running command: "C:\\Program Files\\Mozilla Firefox\\firefox.exe" "--marionette" "--remote-debugging-port" "57727" "--remote-allow-hosts" "localhost" "-no-remote" "-profile" "C:\\Users\\Tnluser\\AppData\\Local\\Temp\\rust_mozprofile3zxKB1"
1681149781456	Marionette	INFO	Marionette enabled
1681149781462	Marionette	INFO	Listening on port 57737
Read port: 57737
WebDriver BiDi listening on ws://127.0.0.1:57727
1681149781608	RemoteAgent	WARN	TLS certificate errors will be ignored for this session
console.warn: SearchSettings: "get: No settings file exists, new profile?" (new NotFoundError("Could not open the file at C:\\Users\\Tnluser\\AppData\\Local\\Temp\\rust_mozprofile3zxKB1\\search.json.mozlz4", (void 0)))
DevTools listening on ws://127.0.0.1:57727/devtools/browser/1b6ca569-4e9f-484a-9cb3-3b99e4fac205
JavaScript warning: https://static.licdn.com/sc/h/uoprw4zztbjn9z6xwl2a2ng1, line 1: WEBGL_debug_renderer_info is deprecated in Firefox and will be removed. Please use RENDERER.
JavaScript warning: https://static.licdn.com/sc/h/uoprw4zztbjn9z6xwl2a2ng1, line 1: WEBGL_debug_renderer_info is deprecated in Firefox and will be removed. Please use RENDERER.
JavaScript error: resource:///modules/FaviconLoader.jsm, line 587: InvalidStateError: JSWindowActorChild.sendAsyncMessage: JSWindowActorChild cannot send at the moment
JavaScript error: resource:///modules/FaviconLoader.jsm, line 587: InvalidStateError: JSWindowActorChild.sendAsyncMessage: JSWindowActorChild cannot send at the moment
1681149784238	Marionette	INFO	Stopped listening on port 57737
console.error: Region.sys.mjs: "Error fetching region" (new TypeError("NetworkError when attempting to fetch resource.", ""))
console.error: Region.sys.mjs: "Failed to fetch region" (new Error("NO_RESULT", "resource://gre/modules/Region.sys.mjs", 416))
WARNING: A blocker encountered an error while we were waiting.
          Blocker:  Waiting for ping task
          Phase: TelemetryController: Waiting for pending ping activity
          State: (none)
WARNING: Error: Phase "profile-before-change" is finished, it is too late to register completion condition "OS.File: flush I/O queued before profileBeforeChange"
WARNING: addBlocker@resource://gre/modules/AsyncShutdown.jsm:703:15
addBlocker@resource://gre/modules/AsyncShutdown.jsm:511:26
addBlocker@resource://gre/modules/AsyncShutdown.jsm:450:15
setupShutdown@resource://gre/modules/osfile/osfile_async_front.jsm:1563:28
@resource://gre/modules/osfile/osfile_async_front.jsm:1583:16
@resource://gre/modules/osfile.jsm:12:30
@resource://gre/modules/TelemetryStorage.jsm:19:28
promiseArchivePing@resource://gre/modules/TelemetryArchive.jsm:103:5
promiseArchivePing@resource://gre/modules/TelemetryArchive.jsm:63:33
_submitPingLogic@resource://gre/modules/TelemetryControllerParent.jsm:540:48
send@resource://gre/modules/TelemetryControllerParent.jsm:628:24
submitExternalPing@resource://gre/modules/TelemetryControllerParent.jsm:182:17
sendPing@resource://gre/modules/EventPing.jsm:51:30
_submitPing@resource://gre/modules/EventPing.jsm:229:12
shutdown@resource://gre/modules/EventPing.jsm:112:10
_cleanupOnShutdown@resource://gre/modules/TelemetryControllerParent.jsm:940:31
shutdown/<@resource://gre/modules/TelemetryControllerParent.jsm:1010:24
observe@resource://gre/modules/AsyncShutdown.jsm:560:16

WARNING: A blocker encountered an error while we were waiting.
          Blocker:  Waiting for ping task
          Phase: TelemetryController: Waiting for pending ping activity
          State: (none)
WARNING: Error: Phase "profile-before-change" is finished, it is too late to register completion condition "OS.File: flush I/O queued before profileBeforeChange"
WARNING: addBlocker@resource://gre/modules/AsyncShutdown.jsm:703:15
addBlocker@resource://gre/modules/AsyncShutdown.jsm:511:26
addBlocker@resource://gre/modules/AsyncShutdown.jsm:450:15
setupShutdown@resource://gre/modules/osfile/osfile_async_front.jsm:1563:28
@resource://gre/modules/osfile/osfile_async_front.jsm:1583:16
@resource://gre/modules/osfile.jsm:12:30
@resource://gre/modules/TelemetryStorage.jsm:19:28
promiseArchivePing@resource://gre/modules/TelemetryArchive.jsm:103:5
promiseArchivePing@resource://gre/modules/TelemetryArchive.jsm:63:33
_submitPingLogic@resource://gre/modules/TelemetryControllerParent.jsm:540:48
send@resource://gre/modules/TelemetryControllerParent.jsm:628:24
submitExternalPing@resource://gre/modules/TelemetryControllerParent.jsm:182:17
saveShutdownPings@resource://gre/modules/TelemetrySession.jsm:982:34
shutdownChromeProcess/cleanup/<@resource://gre/modules/TelemetrySession.jsm:1232:20
cleanup@resource://gre/modules/TelemetrySession.jsm:1239:9
shutdownChromeProcess@resource://gre/modules/TelemetrySession.jsm:1256:14
shutdown@resource://gre/modules/TelemetrySession.jsm:247:17
_cleanupOnShutdown@resource://gre/modules/TelemetryControllerParent.jsm:959:35
observe@resource://gre/modules/AsyncShutdown.jsm:560:16

WARNING: A blocker encountered an error while we were waiting.
          Blocker:  Waiting for ping task
          Phase: TelemetryController: Waiting for pending ping activity
          State: (none)
WARNING: Error: Phase "profile-before-change" is finished, it is too late to register completion condition "OS.File: flush I/O queued before profileBeforeChange"
WARNING: addBlocker@resource://gre/modules/AsyncShutdown.jsm:703:15
addBlocker@resource://gre/modules/AsyncShutdown.jsm:511:26
addBlocker@resource://gre/modules/AsyncShutdown.jsm:450:15
setupShutdown@resource://gre/modules/osfile/osfile_async_front.jsm:1563:28
@resource://gre/modules/osfile/osfile_async_front.jsm:1583:16
@resource://gre/modules/osfile.jsm:12:30
@resource://gre/modules/TelemetryStorage.jsm:19:28
promiseArchivePing@resource://gre/modules/TelemetryArchive.jsm:103:5
promiseArchivePing@resource://gre/modules/TelemetryArchive.jsm:63:33
_submitPingLogic@resource://gre/modules/TelemetryControllerParent.jsm:540:48
send@resource://gre/modules/TelemetryControllerParent.jsm:628:24
submitExternalPing@resource://gre/modules/TelemetryControllerParent.jsm:182:17
saveShutdownPings@resource://gre/modules/TelemetrySession.jsm:1014:36
shutdownChromeProcess/cleanup/<@resource://gre/modules/TelemetrySession.jsm:1232:20
cleanup@resource://gre/modules/TelemetrySession.jsm:1239:9
shutdownChromeProcess@resource://gre/modules/TelemetrySession.jsm:1256:14
shutdown@resource://gre/modules/TelemetrySession.jsm:247:17
_cleanupOnShutdown@resource://gre/modules/TelemetryControllerParent.jsm:959:35
observe@resource://gre/modules/AsyncShutdown.jsm:560:16

WARNING: A blocker encountered an error while we were waiting.
          Blocker:  TelemetryController: shutting down
          Phase: profile-before-change-telemetry
          State: Error getting state: Error: Phase "profile-before-change" is finished, it is too late to register completion condition "OS.File: flush I/O queued before profileBeforeChange" at addBlocker@resource://gre/modules/AsyncShutdown.jsm:703:15
addBlocker@resource://gre/modules/AsyncShutdown.jsm:511:26
addBlocker@resource://gre/modules/AsyncShutdown.jsm:450:15
setupShutdown@resource://gre/modules/osfile/osfile_async_front.jsm:1563:28
@resource://gre/modules/osfile/osfile_async_front.jsm:1583:16
@resource://gre/modules/osfile.jsm:12:30
@resource://gre/modules/TelemetryStorage.jsm:19:28
getShutdownState@resource://gre/modules/TelemetrySend.jsm:1687:7
getShutdownState@resource://gre/modules/TelemetrySend.jsm:369:30
_getState@resource://gre/modules/TelemetryControllerParent.jsm:1058:38
setupTelemetry/<@resource://gre/modules/TelemetryControllerParent.jsm:917:18
safeGetState@resource://gre/modules/AsyncShutdown.jsm:242:17
Barrier/addBlocker/promise<@resource://gre/modules/AsyncShutdown.jsm:751:20
observe@resource://gre/modules/AsyncShutdown.jsm:560:16

WARNING: Error: Phase "profile-before-change" is finished, it is too late to register completion condition "OS.File: flush I/O queued before profileBeforeChange"
WARNING: addBlocker@resource://gre/modules/AsyncShutdown.jsm:703:15
addBlocker@resource://gre/modules/AsyncShutdown.jsm:511:26
addBlocker@resource://gre/modules/AsyncShutdown.jsm:450:15
setupShutdown@resource://gre/modules/osfile/osfile_async_front.jsm:1563:28
@resource://gre/modules/osfile/osfile_async_front.jsm:1583:16
@resource://gre/modules/osfile.jsm:12:30
@resource://gre/modules/TelemetryStorage.jsm:19:28
removeAbortedSessionPing@resource://gre/modules/TelemetryControllerParent.jsm:721:5
removeAbortedSessionPing@resource://gre/modules/TelemetryControllerParent.jsm:249:17
shutdownChromeProcess/cleanup/<@resource://gre/modules/TelemetrySession.jsm:1235:42
observe@resource://gre/modules/AsyncShutdown.jsm:560:16

JavaScript error: resource://gre/modules/AsyncShutdown.jsm, line 703: Error: Phase "profile-before-change" is finished, it is too late to register completion condition "OS.File: flush I/O queued before profileBeforeChange"
JavaScript error: resource://gre/modules/AsyncShutdown.jsm, line 703: Error: Phase "profile-before-change" is finished, it is too late to register completion condition "OS.File: flush I/O queued before profileBeforeChange"
JavaScript error: resource://gre/modules/AsyncShutdown.jsm, line 703: Error: Phase "profile-before-change" is finished, it is too late to register completion condition "OS.File: flush I/O queued before profileBeforeChange"
JavaScript error: resource://gre/modules/AsyncShutdown.jsm, line 703: Error: Phase "profile-before-change" is finished, it is too late to register completion condition "OS.File: flush I/O queued before profileBeforeChange"
JavaScript error: resource://gre/modules/AsyncShutdown.jsm, line 703: Error: Phase "profile-before-change" is finished, it is too late to register completion condition "OS.File: flush I/O queued before profileBeforeChange"
JavaScript error: resource://gre/modules/AsyncShutdown.jsm, line 703: Error: Phase "profile-before-change" is finished, it is too late to register completion condition "OS.File: flush I/O queued before profileBeforeChange"
1681149860404	geckodriver	INFO	Listening on 127.0.0.1:57773
1681149863471	mozrunner::runner	INFO	Running command: "C:\\Program Files\\Mozilla Firefox\\firefox.exe" "--marionette" "--remote-debugging-port" "57774" "--remote-allow-hosts" "localhost" "-no-remote" "-profile" "C:\\Users\\Tnluser\\AppData\\Local\\Temp\\rust_mozprofile8IaXsO"
1681149863740	Marionette	INFO	Marionette enabled
1681149863744	Marionette	INFO	Listening on port 57783
Read port: 57783
WebDriver BiDi listening on ws://127.0.0.1:57774
1681149863866	RemoteAgent	WARN	TLS certificate errors will be ignored for this session
console.warn: SearchSettings: "get: No settings file exists, new profile?" (new NotFoundError("Could not open the file at C:\\Users\\Tnluser\\AppData\\Local\\Temp\\rust_mozprofile8IaXsO\\search.json.mozlz4", (void 0)))
DevTools listening on ws://127.0.0.1:57774/devtools/browser/7434b3ab-1364-4323-a3dc-026fc983792e
JavaScript warning: https://static.licdn.com/sc/h/uoprw4zztbjn9z6xwl2a2ng1, line 1: WEBGL_debug_renderer_info is deprecated in Firefox and will be removed. Please use RENDERER.
JavaScript warning: https://static.licdn.com/sc/h/uoprw4zztbjn9z6xwl2a2ng1, line 1: WEBGL_debug_renderer_info is deprecated in Firefox and will be removed. Please use RENDERER.
console.warn: LoginRecipes: "Falling back to a synchronous message for: https://www.linkedin.com."
console.warn: LoginRecipes: "Falling back to a synchronous message for: https://www.linkedin.com."
1681149871676	Marionette	WARN	TimedPromise timed out after 500 ms: stacktrace:
TimedPromise/<@chrome://remote/content/marionette/sync.sys.mjs:219:24
TimedPromise@chrome://remote/content/marionette/sync.sys.mjs:204:10
interaction.flushEventLoop@chrome://remote/content/marionette/interaction.sys.mjs:425:10
webdriverClickElement@chrome://remote/content/marionette/interaction.sys.mjs:173:31
JavaScript warning: https://static.licdn.com/sc/h/4kmge4osew3r95ot76jsc9wzp, line 19483: unreachable code after return statement
JavaScript warning: https://static.licdn.com/sc/h/4fmwecrii9hzky17qt9zpop3j, line 2524: unreachable code after return statement
JavaScript warning: https://static.licdn.com/sc/h/4kmge4osew3r95ot76jsc9wzp, line 19483: unreachable code after return statement
1681149877520	Marionette	WARN	Ignoring event 'DOMContentLoaded' because document has an invalid readyState of 'complete'.
JavaScript warning: https://static.licdn.com/sc/h/4kmge4osew3r95ot76jsc9wzp, line 19483: unreachable code after return statement
JavaScript warning: https://static.licdn.com/sc/h/4fmwecrii9hzky17qt9zpop3j, line 2524: unreachable code after return statement
JavaScript warning: https://static.licdn.com/sc/h/4kmge4osew3r95ot76jsc9wzp, line 19483: unreachable code after return statement
1681149918122	geckodriver	INFO	Listening on 127.0.0.1:57879
1681149921177	mozrunner::runner	INFO	Running command: "C:\\Program Files\\Mozilla Firefox\\firefox.exe" "--marionette" "--remote-debugging-port" "57880" "--remote-allow-hosts" "localhost" "-no-remote" "-profile" "C:\\Users\\Tnluser\\AppData\\Local\\Temp\\rust_mozprofileDYJK2Y"
1681149921451	Marionette	INFO	Marionette enabled
1681149921455	Marionette	INFO	Listening on port 57892
Read port: 57892
WebDriver BiDi listening on ws://127.0.0.1:57880
1681149921565	RemoteAgent	WARN	TLS certificate errors will be ignored for this session
console.warn: SearchSettings: "get: No settings file exists, new profile?" (new NotFoundError("Could not open the file at C:\\Users\\Tnluser\\AppData\\Local\\Temp\\rust_mozprofileDYJK2Y\\search.json.mozlz4", (void 0)))
DevTools listening on ws://127.0.0.1:57880/devtools/browser/5af9edb4-ee02-42ca-9fd8-f6c1c99d11f1
JavaScript warning: https://static.licdn.com/sc/h/uoprw4zztbjn9z6xwl2a2ng1, line 1: WEBGL_debug_renderer_info is deprecated in Firefox and will be removed. Please use RENDERER.
JavaScript warning: https://static.licdn.com/sc/h/uoprw4zztbjn9z6xwl2a2ng1, line 1: WEBGL_debug_renderer_info is deprecated in Firefox and will be removed. Please use RENDERER.
console.warn: LoginRecipes: "Falling back to a synchronous message for: https://www.linkedin.com."
console.warn: LoginRecipes: "Falling back to a synchronous message for: https://www.linkedin.com."
JavaScript warning: https://static.licdn.com/sc/h/4kmge4osew3r95ot76jsc9wzp, line 19483: unreachable code after return statement
JavaScript warning: https://static.licdn.com/sc/h/4fmwecrii9hzky17qt9zpop3j, line 2524: unreachable code after return statement
JavaScript warning: https://static.licdn.com/sc/h/4kmge4osew3r95ot76jsc9wzp, line 19483: unreachable code after return statement
1681149932461	Marionette	WARN	Ignoring event 'DOMContentLoaded' because document has an invalid readyState of 'complete'.
1681149945643	Marionette	INFO	Stopped listening on port 57892
1681149963378	geckodriver	INFO	Listening on 127.0.0.1:57992
1681149966437	mozrunner::runner	INFO	Running command: "C:\\Program Files\\Mozilla Firefox\\firefox.exe" "--marionette" "--remote-debugging-port" "57993" "--remote-allow-hosts" "localhost" "-no-remote" "-profile" "C:\\Users\\Tnluser\\AppData\\Local\\Temp\\rust_mozprofileoknFSG"
1681149966679	Marionette	INFO	Marionette enabled
1681149966683	Marionette	INFO	Listening on port 58003
WebDriver BiDi listening on ws://127.0.0.1:57993
Read port: 58003
1681149966899	RemoteAgent	WARN	TLS certificate errors will be ignored for this session
console.warn: SearchSettings: "get: No settings file exists, new profile?" (new NotFoundError("Could not open the file at C:\\Users\\Tnluser\\AppData\\Local\\Temp\\rust_mozprofileoknFSG\\search.json.mozlz4", (void 0)))
DevTools listening on ws://127.0.0.1:57993/devtools/browser/62a114a5-cd5c-4996-886d-a04cb259c57a
JavaScript warning: https://static.licdn.com/sc/h/uoprw4zztbjn9z6xwl2a2ng1, line 1: WEBGL_debug_renderer_info is deprecated in Firefox and will be removed. Please use RENDERER.
JavaScript warning: https://static.licdn.com/sc/h/uoprw4zztbjn9z6xwl2a2ng1, line 1: WEBGL_debug_renderer_info is deprecated in Firefox and will be removed. Please use RENDERER.
console.warn: LoginRecipes: "Falling back to a synchronous message for: https://www.linkedin.com."
console.warn: LoginRecipes: "Falling back to a synchronous message for: https://www.linkedin.com."
JavaScript warning: https://static.licdn.com/sc/h/4kmge4osew3r95ot76jsc9wzp, line 19483: unreachable code after return statement
JavaScript warning: https://static.licdn.com/sc/h/4fmwecrii9hzky17qt9zpop3j, line 2524: unreachable code after return statement
JavaScript warning: https://static.licdn.com/sc/h/4kmge4osew3r95ot76jsc9wzp, line 19483: unreachable code after return statement
1681149977616	Marionette	WARN	Ignoring event 'DOMContentLoaded' because document has an invalid readyState of 'complete'.
